-------------------------------------------------------------------------------
Test set: es.ies.puerto.Ejercicio4Test
-------------------------------------------------------------------------------
Tests run: 5, Failures: 3, Errors: 0, Skipped: 0, Time elapsed: 0.013 s <<< FAILURE! -- in es.ies.puerto.Ejercicio4Test
es.ies.puerto.Ejercicio4Test.testEsDiaFestivoAnoDiferente -- Time elapsed: 0.005 s <<< FAILURE!
org.opentest4j.AssertionFailedError: El 25 de diciembre debe ser festivo, sin importar el año ==> expected: <true> but was: <false>
	at org.junit.jupiter.api.AssertionFailureBuilder.build(AssertionFailureBuilder.java:151)
	at org.junit.jupiter.api.AssertionFailureBuilder.buildAndThrow(AssertionFailureBuilder.java:132)
	at org.junit.jupiter.api.AssertTrue.failNotTrue(AssertTrue.java:63)
	at org.junit.jupiter.api.AssertTrue.assertTrue(AssertTrue.java:36)
	at org.junit.jupiter.api.Assertions.assertTrue(Assertions.java:210)
	at es.ies.puerto.Ejercicio4Test.testEsDiaFestivoAnoDiferente(Ejercicio4Test.java:41)
	at java.base/java.lang.reflect.Method.invoke(Method.java:580)
	at java.base/java.util.ArrayList.forEach(ArrayList.java:1597)
	at java.base/java.util.ArrayList.forEach(ArrayList.java:1597)

es.ies.puerto.Ejercicio4Test.testEsDiaFestivoNavidad -- Time elapsed: 0.001 s <<< FAILURE!
org.opentest4j.AssertionFailedError: El 25 de diciembre debe ser festivo ==> expected: <true> but was: <false>
	at org.junit.jupiter.api.AssertionFailureBuilder.build(AssertionFailureBuilder.java:151)
	at org.junit.jupiter.api.AssertionFailureBuilder.buildAndThrow(AssertionFailureBuilder.java:132)
	at org.junit.jupiter.api.AssertTrue.failNotTrue(AssertTrue.java:63)
	at org.junit.jupiter.api.AssertTrue.assertTrue(AssertTrue.java:36)
	at org.junit.jupiter.api.Assertions.assertTrue(Assertions.java:210)
	at es.ies.puerto.Ejercicio4Test.testEsDiaFestivoNavidad(Ejercicio4Test.java:14)
	at java.base/java.lang.reflect.Method.invoke(Method.java:580)
	at java.base/java.util.ArrayList.forEach(ArrayList.java:1597)
	at java.base/java.util.ArrayList.forEach(ArrayList.java:1597)

es.ies.puerto.Ejercicio4Test.testEsDiaFestivoAnoNuevo -- Time elapsed: 0.001 s <<< FAILURE!
org.opentest4j.AssertionFailedError: El 1 de enero debe ser festivo ==> expected: <true> but was: <false>
	at org.junit.jupiter.api.AssertionFailureBuilder.build(AssertionFailureBuilder.java:151)
	at org.junit.jupiter.api.AssertionFailureBuilder.buildAndThrow(AssertionFailureBuilder.java:132)
	at org.junit.jupiter.api.AssertTrue.failNotTrue(AssertTrue.java:63)
	at org.junit.jupiter.api.AssertTrue.assertTrue(AssertTrue.java:36)
	at org.junit.jupiter.api.Assertions.assertTrue(Assertions.java:210)
	at es.ies.puerto.Ejercicio4Test.testEsDiaFestivoAnoNuevo(Ejercicio4Test.java:21)
	at java.base/java.lang.reflect.Method.invoke(Method.java:580)
	at java.base/java.util.ArrayList.forEach(ArrayList.java:1597)
	at java.base/java.util.ArrayList.forEach(ArrayList.java:1597)

