-------------------------------------------------------------------------------
Test set: es.ies.puerto.Ejercicio6Test
-------------------------------------------------------------------------------
Tests run: 8, Failures: 5, Errors: 0, Skipped: 0, Time elapsed: 0.020 s <<< FAILURE! -- in es.ies.puerto.Ejercicio6Test
es.ies.puerto.Ejercicio6Test.testObtenerFinesDeSemanaFebreroNoBisiesto -- Time elapsed: 0.002 s <<< FAILURE!
org.opentest4j.AssertionFailedError: Febrero de 2023 (no bisiesto) debería tener 8 fines de semana ==> expected: <8> but was: <-1>
	at org.junit.jupiter.api.AssertionFailureBuilder.build(AssertionFailureBuilder.java:151)
	at org.junit.jupiter.api.AssertionFailureBuilder.buildAndThrow(AssertionFailureBuilder.java:132)
	at org.junit.jupiter.api.AssertEquals.failNotEqual(AssertEquals.java:197)
	at org.junit.jupiter.api.AssertEquals.assertEquals(AssertEquals.java:150)
	at org.junit.jupiter.api.Assertions.assertEquals(Assertions.java:559)
	at es.ies.puerto.Ejercicio6Test.testObtenerFinesDeSemanaFebreroNoBisiesto(Ejercicio6Test.java:24)
	at java.base/java.lang.reflect.Method.invoke(Method.java:580)
	at java.base/java.util.ArrayList.forEach(ArrayList.java:1597)
	at java.base/java.util.ArrayList.forEach(ArrayList.java:1597)

es.ies.puerto.Ejercicio6Test.testObtenerFinesDeSemanaMesCon30Dias -- Time elapsed: 0.001 s <<< FAILURE!
org.opentest4j.AssertionFailedError: Abril de 2023 debería tener 8 fines de semana ==> expected: <10> but was: <-1>
	at org.junit.jupiter.api.AssertionFailureBuilder.build(AssertionFailureBuilder.java:151)
	at org.junit.jupiter.api.AssertionFailureBuilder.buildAndThrow(AssertionFailureBuilder.java:132)
	at org.junit.jupiter.api.AssertEquals.failNotEqual(AssertEquals.java:197)
	at org.junit.jupiter.api.AssertEquals.assertEquals(AssertEquals.java:150)
	at org.junit.jupiter.api.Assertions.assertEquals(Assertions.java:559)
	at es.ies.puerto.Ejercicio6Test.testObtenerFinesDeSemanaMesCon30Dias(Ejercicio6Test.java:36)
	at java.base/java.lang.reflect.Method.invoke(Method.java:580)
	at java.base/java.util.ArrayList.forEach(ArrayList.java:1597)
	at java.base/java.util.ArrayList.forEach(ArrayList.java:1597)

es.ies.puerto.Ejercicio6Test.testObtenerFinesDeSemanaMesCon31Dias -- Time elapsed: 0.002 s <<< FAILURE!
org.opentest4j.AssertionFailedError: Marzo de 2023 debería tener 8 fines de semana ==> expected: <8> but was: <-1>
	at org.junit.jupiter.api.AssertionFailureBuilder.build(AssertionFailureBuilder.java:151)
	at org.junit.jupiter.api.AssertionFailureBuilder.buildAndThrow(AssertionFailureBuilder.java:132)
	at org.junit.jupiter.api.AssertEquals.failNotEqual(AssertEquals.java:197)
	at org.junit.jupiter.api.AssertEquals.assertEquals(AssertEquals.java:150)
	at org.junit.jupiter.api.Assertions.assertEquals(Assertions.java:559)
	at es.ies.puerto.Ejercicio6Test.testObtenerFinesDeSemanaMesCon31Dias(Ejercicio6Test.java:30)
	at java.base/java.lang.reflect.Method.invoke(Method.java:580)
	at java.base/java.util.ArrayList.forEach(ArrayList.java:1597)
	at java.base/java.util.ArrayList.forEach(ArrayList.java:1597)

es.ies.puerto.Ejercicio6Test.testObtenerFinesDeSemanaFebreroBisiesto -- Time elapsed: 0.002 s <<< FAILURE!
org.opentest4j.AssertionFailedError: Febrero de 2024 (bisiesto) debería tener 8 fines de semana ==> expected: <8> but was: <-1>
	at org.junit.jupiter.api.AssertionFailureBuilder.build(AssertionFailureBuilder.java:151)
	at org.junit.jupiter.api.AssertionFailureBuilder.buildAndThrow(AssertionFailureBuilder.java:132)
	at org.junit.jupiter.api.AssertEquals.failNotEqual(AssertEquals.java:197)
	at org.junit.jupiter.api.AssertEquals.assertEquals(AssertEquals.java:150)
	at org.junit.jupiter.api.Assertions.assertEquals(Assertions.java:559)
	at es.ies.puerto.Ejercicio6Test.testObtenerFinesDeSemanaFebreroBisiesto(Ejercicio6Test.java:18)
	at java.base/java.lang.reflect.Method.invoke(Method.java:580)
	at java.base/java.util.ArrayList.forEach(ArrayList.java:1597)
	at java.base/java.util.ArrayList.forEach(ArrayList.java:1597)

es.ies.puerto.Ejercicio6Test.testObtenerFinesDeSemanaMesCompleto -- Time elapsed: 0.001 s <<< FAILURE!
org.opentest4j.AssertionFailedError: Enero de 2023 debería tener 8 fines de semana (sábado y domingo) ==> expected: <9> but was: <-1>
	at org.junit.jupiter.api.AssertionFailureBuilder.build(AssertionFailureBuilder.java:151)
	at org.junit.jupiter.api.AssertionFailureBuilder.buildAndThrow(AssertionFailureBuilder.java:132)
	at org.junit.jupiter.api.AssertEquals.failNotEqual(AssertEquals.java:197)
	at org.junit.jupiter.api.AssertEquals.assertEquals(AssertEquals.java:150)
	at org.junit.jupiter.api.Assertions.assertEquals(Assertions.java:559)
	at es.ies.puerto.Ejercicio6Test.testObtenerFinesDeSemanaMesCompleto(Ejercicio6Test.java:12)
	at java.base/java.lang.reflect.Method.invoke(Method.java:580)
	at java.base/java.util.ArrayList.forEach(ArrayList.java:1597)
	at java.base/java.util.ArrayList.forEach(ArrayList.java:1597)

