-------------------------------------------------------------------------------
Test set: es.ies.puerto.Ejercicio7Test
-------------------------------------------------------------------------------
Tests run: 5, Failures: 3, Errors: 0, Skipped: 0, Time elapsed: 0.010 s <<< FAILURE! -- in es.ies.puerto.Ejercicio7Test
es.ies.puerto.Ejercicio7Test.testObtenerDiaDeLaMadreAnioAntiguo -- Time elapsed: 0.001 s <<< FAILURE!
org.opentest4j.AssertionFailedError: El Día de la Madre en 1990 debe ser el 13 de mayo ==> expected: <1990-05-13> but was: <null>
	at org.junit.jupiter.api.AssertionFailureBuilder.build(AssertionFailureBuilder.java:151)
	at org.junit.jupiter.api.AssertionFailureBuilder.buildAndThrow(AssertionFailureBuilder.java:132)
	at org.junit.jupiter.api.AssertEquals.failNotEqual(AssertEquals.java:197)
	at org.junit.jupiter.api.AssertEquals.assertEquals(AssertEquals.java:182)
	at org.junit.jupiter.api.Assertions.assertEquals(Assertions.java:1152)
	at es.ies.puerto.Ejercicio7Test.testObtenerDiaDeLaMadreAnioAntiguo(Ejercicio7Test.java:25)
	at java.base/java.lang.reflect.Method.invoke(Method.java:580)
	at java.base/java.util.ArrayList.forEach(ArrayList.java:1597)
	at java.base/java.util.ArrayList.forEach(ArrayList.java:1597)

es.ies.puerto.Ejercicio7Test.testObtenerDiaDeLaMadreAnioBisiesto -- Time elapsed: 0.001 s <<< FAILURE!
org.opentest4j.AssertionFailedError: El Día de la Madre en 2024 debe ser el 12 de mayo ==> expected: <2024-05-12> but was: <null>
	at org.junit.jupiter.api.AssertionFailureBuilder.build(AssertionFailureBuilder.java:151)
	at org.junit.jupiter.api.AssertionFailureBuilder.buildAndThrow(AssertionFailureBuilder.java:132)
	at org.junit.jupiter.api.AssertEquals.failNotEqual(AssertEquals.java:197)
	at org.junit.jupiter.api.AssertEquals.assertEquals(AssertEquals.java:182)
	at org.junit.jupiter.api.Assertions.assertEquals(Assertions.java:1152)
	at es.ies.puerto.Ejercicio7Test.testObtenerDiaDeLaMadreAnioBisiesto(Ejercicio7Test.java:19)
	at java.base/java.lang.reflect.Method.invoke(Method.java:580)
	at java.base/java.util.ArrayList.forEach(ArrayList.java:1597)
	at java.base/java.util.ArrayList.forEach(ArrayList.java:1597)

es.ies.puerto.Ejercicio7Test.testObtenerDiaDeLaMadreAnioValido -- Time elapsed: 0.001 s <<< FAILURE!
org.opentest4j.AssertionFailedError: El Día de la Madre en 2023 debe ser el 14 de mayo ==> expected: <2023-05-14> but was: <null>
	at org.junit.jupiter.api.AssertionFailureBuilder.build(AssertionFailureBuilder.java:151)
	at org.junit.jupiter.api.AssertionFailureBuilder.buildAndThrow(AssertionFailureBuilder.java:132)
	at org.junit.jupiter.api.AssertEquals.failNotEqual(AssertEquals.java:197)
	at org.junit.jupiter.api.AssertEquals.assertEquals(AssertEquals.java:182)
	at org.junit.jupiter.api.Assertions.assertEquals(Assertions.java:1152)
	at es.ies.puerto.Ejercicio7Test.testObtenerDiaDeLaMadreAnioValido(Ejercicio7Test.java:13)
	at java.base/java.lang.reflect.Method.invoke(Method.java:580)
	at java.base/java.util.ArrayList.forEach(ArrayList.java:1597)
	at java.base/java.util.ArrayList.forEach(ArrayList.java:1597)

