-------------------------------------------------------------------------------
Test set: es.ies.puerto.Ejercicio5Test
-------------------------------------------------------------------------------
Tests run: 4, Failures: 3, Errors: 0, Skipped: 0, Time elapsed: 0.009 s <<< FAILURE! -- in es.ies.puerto.Ejercicio5Test
es.ies.puerto.Ejercicio5Test.testObtenerDiaDeLaSemanaEnElFuturoDiasPositivos -- Time elapsed: 0.002 s <<< FAILURE!
org.opentest4j.AssertionFailedError: Sumando 5 días al 1 de enero de 2023 (domingo) debería dar viernes ==> expected: <FRIDAY> but was: <null>
	at org.junit.jupiter.api.AssertionFailureBuilder.build(AssertionFailureBuilder.java:151)
	at org.junit.jupiter.api.AssertionFailureBuilder.buildAndThrow(AssertionFailureBuilder.java:132)
	at org.junit.jupiter.api.AssertEquals.failNotEqual(AssertEquals.java:197)
	at org.junit.jupiter.api.AssertEquals.assertEquals(AssertEquals.java:182)
	at org.junit.jupiter.api.Assertions.assertEquals(Assertions.java:1152)
	at es.ies.puerto.Ejercicio5Test.testObtenerDiaDeLaSemanaEnElFuturoDiasPositivos(Ejercicio5Test.java:12)
	at java.base/java.lang.reflect.Method.invoke(Method.java:580)
	at java.base/java.util.ArrayList.forEach(ArrayList.java:1597)
	at java.base/java.util.ArrayList.forEach(ArrayList.java:1597)

es.ies.puerto.Ejercicio5Test.testObtenerDiaDeLaSemanaEnElFuturoCeroDias -- Time elapsed: 0.001 s <<< FAILURE!
org.opentest4j.AssertionFailedError: Sumando 0 días al 15 de mayo de 2023 (lunes) debería dar lunes ==> expected: <MONDAY> but was: <null>
	at org.junit.jupiter.api.AssertionFailureBuilder.build(AssertionFailureBuilder.java:151)
	at org.junit.jupiter.api.AssertionFailureBuilder.buildAndThrow(AssertionFailureBuilder.java:132)
	at org.junit.jupiter.api.AssertEquals.failNotEqual(AssertEquals.java:197)
	at org.junit.jupiter.api.AssertEquals.assertEquals(AssertEquals.java:182)
	at org.junit.jupiter.api.Assertions.assertEquals(Assertions.java:1152)
	at es.ies.puerto.Ejercicio5Test.testObtenerDiaDeLaSemanaEnElFuturoCeroDias(Ejercicio5Test.java:26)
	at java.base/java.lang.reflect.Method.invoke(Method.java:580)
	at java.base/java.util.ArrayList.forEach(ArrayList.java:1597)
	at java.base/java.util.ArrayList.forEach(ArrayList.java:1597)

es.ies.puerto.Ejercicio5Test.testObtenerDiaDeLaSemanaEnElFuturoDiasNegativos -- Time elapsed: 0.001 s <<< FAILURE!
org.opentest4j.AssertionFailedError: Restando 7 días al 10 de enero de 2023 (martes) debería dar martes ==> expected: <TUESDAY> but was: <null>
	at org.junit.jupiter.api.AssertionFailureBuilder.build(AssertionFailureBuilder.java:151)
	at org.junit.jupiter.api.AssertionFailureBuilder.buildAndThrow(AssertionFailureBuilder.java:132)
	at org.junit.jupiter.api.AssertEquals.failNotEqual(AssertEquals.java:197)
	at org.junit.jupiter.api.AssertEquals.assertEquals(AssertEquals.java:182)
	at org.junit.jupiter.api.Assertions.assertEquals(Assertions.java:1152)
	at es.ies.puerto.Ejercicio5Test.testObtenerDiaDeLaSemanaEnElFuturoDiasNegativos(Ejercicio5Test.java:19)
	at java.base/java.lang.reflect.Method.invoke(Method.java:580)
	at java.base/java.util.ArrayList.forEach(ArrayList.java:1597)
	at java.base/java.util.ArrayList.forEach(ArrayList.java:1597)

