-------------------------------------------------------------------------------
Test set: es.ies.puerto.Ejercicio9Test
-------------------------------------------------------------------------------
Tests run: 6, Failures: 3, Errors: 0, Skipped: 0, Time elapsed: 0.085 s <<< FAILURE! -- in es.ies.puerto.Ejercicio9Test
es.ies.puerto.Ejercicio9Test.testObtenerPrimerLunesDelMesFechaValidaMedioDeMes -- Time elapsed: 0.007 s <<< FAILURE!
org.opentest4j.AssertionFailedError: El primer lunes de junio de 2023 debe ser el 5 de junio ==> expected: <2023-06-05> but was: <null>
	at org.junit.jupiter.api.AssertionFailureBuilder.build(AssertionFailureBuilder.java:151)
	at org.junit.jupiter.api.AssertionFailureBuilder.buildAndThrow(AssertionFailureBuilder.java:132)
	at org.junit.jupiter.api.AssertEquals.failNotEqual(AssertEquals.java:197)
	at org.junit.jupiter.api.AssertEquals.assertEquals(AssertEquals.java:182)
	at org.junit.jupiter.api.Assertions.assertEquals(Assertions.java:1152)
	at es.ies.puerto.Ejercicio9Test.testObtenerPrimerLunesDelMesFechaValidaMedioDeMes(Ejercicio9Test.java:18)
	at java.base/java.lang.reflect.Method.invoke(Method.java:568)
	at java.base/java.util.ArrayList.forEach(ArrayList.java:1511)
	at java.base/java.util.ArrayList.forEach(ArrayList.java:1511)

es.ies.puerto.Ejercicio9Test.testObtenerPrimerLunesDelMesFebreroBisiesto -- Time elapsed: 0.007 s <<< FAILURE!
org.opentest4j.AssertionFailedError: El primer lunes de febrero de 2024 debe ser el 5 de febrero ==> expected: <2024-02-05> but was: <null>
	at org.junit.jupiter.api.AssertionFailureBuilder.build(AssertionFailureBuilder.java:151)
	at org.junit.jupiter.api.AssertionFailureBuilder.buildAndThrow(AssertionFailureBuilder.java:132)
	at org.junit.jupiter.api.AssertEquals.failNotEqual(AssertEquals.java:197)
	at org.junit.jupiter.api.AssertEquals.assertEquals(AssertEquals.java:182)
	at org.junit.jupiter.api.Assertions.assertEquals(Assertions.java:1152)
	at es.ies.puerto.Ejercicio9Test.testObtenerPrimerLunesDelMesFebreroBisiesto(Ejercicio9Test.java:24)
	at java.base/java.lang.reflect.Method.invoke(Method.java:568)
	at java.base/java.util.ArrayList.forEach(ArrayList.java:1511)
	at java.base/java.util.ArrayList.forEach(ArrayList.java:1511)

es.ies.puerto.Ejercicio9Test.testObtenerPrimerLunesDelMesFechaValidaInicioDeMes -- Time elapsed: 0.008 s <<< FAILURE!
org.opentest4j.AssertionFailedError: El primer lunes de mayo de 2023 debe ser el 1 de mayo ==> expected: <2023-05-01> but was: <null>
	at org.junit.jupiter.api.AssertionFailureBuilder.build(AssertionFailureBuilder.java:151)
	at org.junit.jupiter.api.AssertionFailureBuilder.buildAndThrow(AssertionFailureBuilder.java:132)
	at org.junit.jupiter.api.AssertEquals.failNotEqual(AssertEquals.java:197)
	at org.junit.jupiter.api.AssertEquals.assertEquals(AssertEquals.java:182)
	at org.junit.jupiter.api.Assertions.assertEquals(Assertions.java:1152)
	at es.ies.puerto.Ejercicio9Test.testObtenerPrimerLunesDelMesFechaValidaInicioDeMes(Ejercicio9Test.java:12)
	at java.base/java.lang.reflect.Method.invoke(Method.java:568)
	at java.base/java.util.ArrayList.forEach(ArrayList.java:1511)
	at java.base/java.util.ArrayList.forEach(ArrayList.java:1511)

