<?xml version="1.0" encoding="UTF-8"?>
<testsuite xmlns:xsi="http://www.w3.org/2001/XMLSchema-instance" xsi:noNamespaceSchemaLocation="https://maven.apache.org/surefire/maven-surefire-plugin/xsd/surefire-test-report-3.0.xsd" version="3.0" name="es.ies.puerto.Ejercicio6Test" time="0.021" tests="8" errors="0" skipped="0" failures="5">
  <properties>
[...]
</properties>
  <testcase name="testObtenerFinesDeSemanaAnioCero" classname="es.ies.puerto.Ejercicio6Test" time="0.001"/>
  <testcase name="testObtenerFinesDeSemanaFebreroNoBisiesto" classname="es.ies.puerto.Ejercicio6Test" time="0.001">
    <failure message="Febrero de 2023 (no bisiesto) debería tener 8 fines de semana ==&gt; expected: &lt;8&gt; but was: &lt;-1&gt;" type="org.opentest4j.AssertionFailedError"><![CDATA[org.opentest4j.AssertionFailedError: Febrero de 2023 (no bisiesto) debería tener 8 fines de semana ==> expected: <8> but was: <-1>
	at org.junit.jupiter.api.AssertionFailureBuilder.build(AssertionFailureBuilder.java:151)
	at org.junit.jupiter.api.AssertionFailureBuilder.buildAndThrow(AssertionFailureBuilder.java:132)
	at org.junit.jupiter.api.AssertEquals.failNotEqual(AssertEquals.java:197)
	at org.junit.jupiter.api.AssertEquals.assertEquals(AssertEquals.java:150)
	at org.junit.jupiter.api.Assertions.assertEquals(Assertions.java:559)
	at es.ies.puerto.Ejercicio6Test.testObtenerFinesDeSemanaFebreroNoBisiesto(Ejercicio6Test.java:24)
	at java.base/java.lang.reflect.Method.invoke(Method.java:568)
	at java.base/java.util.ArrayList.forEach(ArrayList.java:1511)
	at java.base/java.util.ArrayList.forEach(ArrayList.java:1511)
]]></failure>
  </testcase>
  <testcase name="testObtenerFinesDeSemanaAnioNegativo" classname="es.ies.puerto.Ejercicio6Test" time="0.0"/>
  <testcase name="testObtenerFinesDeSemanaMesCon30Dias" classname="es.ies.puerto.Ejercicio6Test" time="0.003">
    <failure message="Abril de 2023 debería tener 8 fines de semana ==&gt; expected: &lt;10&gt; but was: &lt;-1&gt;" type="org.opentest4j.AssertionFailedError"><![CDATA[org.opentest4j.AssertionFailedError: Abril de 2023 debería tener 8 fines de semana ==> expected: <10> but was: <-1>
	at org.junit.jupiter.api.AssertionFailureBuilder.build(AssertionFailureBuilder.java:151)
	at org.junit.jupiter.api.AssertionFailureBuilder.buildAndThrow(AssertionFailureBuilder.java:132)
	at org.junit.jupiter.api.AssertEquals.failNotEqual(AssertEquals.java:197)
	at org.junit.jupiter.api.AssertEquals.assertEquals(AssertEquals.java:150)
	at org.junit.jupiter.api.Assertions.assertEquals(Assertions.java:559)
	at es.ies.puerto.Ejercicio6Test.testObtenerFinesDeSemanaMesCon30Dias(Ejercicio6Test.java:36)
	at java.base/java.lang.reflect.Method.invoke(Method.java:568)
	at java.base/java.util.ArrayList.forEach(ArrayList.java:1511)
	at java.base/java.util.ArrayList.forEach(ArrayList.java:1511)
]]></failure>
  </testcase>
  <testcase name="testObtenerFinesDeSemanaMesCon31Dias" classname="es.ies.puerto.Ejercicio6Test" time="0.001">
    <failure message="Marzo de 2023 debería tener 8 fines de semana ==&gt; expected: &lt;8&gt; but was: &lt;-1&gt;" type="org.opentest4j.AssertionFailedError"><![CDATA[org.opentest4j.AssertionFailedError: Marzo de 2023 debería tener 8 fines de semana ==> expected: <8> but was: <-1>
	at org.junit.jupiter.api.AssertionFailureBuilder.build(AssertionFailureBuilder.java:151)
	at org.junit.jupiter.api.AssertionFailureBuilder.buildAndThrow(AssertionFailureBuilder.java:132)
	at org.junit.jupiter.api.AssertEquals.failNotEqual(AssertEquals.java:197)
	at org.junit.jupiter.api.AssertEquals.assertEquals(AssertEquals.java:150)
	at org.junit.jupiter.api.Assertions.assertEquals(Assertions.java:559)
	at es.ies.puerto.Ejercicio6Test.testObtenerFinesDeSemanaMesCon31Dias(Ejercicio6Test.java:30)
	at java.base/java.lang.reflect.Method.invoke(Method.java:568)
	at java.base/java.util.ArrayList.forEach(ArrayList.java:1511)
	at java.base/java.util.ArrayList.forEach(ArrayList.java:1511)
]]></failure>
  </testcase>
  <testcase name="testObtenerFinesDeSemanaFebreroBisiesto" classname="es.ies.puerto.Ejercicio6Test" time="0.001">
    <failure message="Febrero de 2024 (bisiesto) debería tener 8 fines de semana ==&gt; expected: &lt;8&gt; but was: &lt;-1&gt;" type="org.opentest4j.AssertionFailedError"><![CDATA[org.opentest4j.AssertionFailedError: Febrero de 2024 (bisiesto) debería tener 8 fines de semana ==> expected: <8> but was: <-1>
	at org.junit.jupiter.api.AssertionFailureBuilder.build(AssertionFailureBuilder.java:151)
	at org.junit.jupiter.api.AssertionFailureBuilder.buildAndThrow(AssertionFailureBuilder.java:132)
	at org.junit.jupiter.api.AssertEquals.failNotEqual(AssertEquals.java:197)
	at org.junit.jupiter.api.AssertEquals.assertEquals(AssertEquals.java:150)
	at org.junit.jupiter.api.Assertions.assertEquals(Assertions.java:559)
	at es.ies.puerto.Ejercicio6Test.testObtenerFinesDeSemanaFebreroBisiesto(Ejercicio6Test.java:18)
	at java.base/java.lang.reflect.Method.invoke(Method.java:568)
	at java.base/java.util.ArrayList.forEach(ArrayList.java:1511)
	at java.base/java.util.ArrayList.forEach(ArrayList.java:1511)
]]></failure>
  </testcase>
  <testcase name="testObtenerFinesDeSemanaMesNulo" classname="es.ies.puerto.Ejercicio6Test" time="0.001"/>
  <testcase name="testObtenerFinesDeSemanaMesCompleto" classname="es.ies.puerto.Ejercicio6Test" time="0.001">
    <failure message="Enero de 2023 debería tener 8 fines de semana (sábado y domingo) ==&gt; expected: &lt;9&gt; but was: &lt;-1&gt;" type="org.opentest4j.AssertionFailedError"><![CDATA[org.opentest4j.AssertionFailedError: Enero de 2023 debería tener 8 fines de semana (sábado y domingo) ==> expected: <9> but was: <-1>
	at org.junit.jupiter.api.AssertionFailureBuilder.build(AssertionFailureBuilder.java:151)
	at org.junit.jupiter.api.AssertionFailureBuilder.buildAndThrow(AssertionFailureBuilder.java:132)
	at org.junit.jupiter.api.AssertEquals.failNotEqual(AssertEquals.java:197)
	at org.junit.jupiter.api.AssertEquals.assertEquals(AssertEquals.java:150)
	at org.junit.jupiter.api.Assertions.assertEquals(Assertions.java:559)
	at es.ies.puerto.Ejercicio6Test.testObtenerFinesDeSemanaMesCompleto(Ejercicio6Test.java:12)
	at java.base/java.lang.reflect.Method.invoke(Method.java:568)
	at java.base/java.util.ArrayList.forEach(ArrayList.java:1511)
	at java.base/java.util.ArrayList.forEach(ArrayList.java:1511)
]]></failure>
  </testcase>
</testsuite>