-------------------------------------------------------------------------------
Test set: es.ies.puerto.file.uno.FileXmlCriaturaTest
-------------------------------------------------------------------------------
Tests run: 4, Failures: 1, Errors: 0, Skipped: 0, Time elapsed: 0.154 s <<< FAILURE! - in es.ies.puerto.file.uno.FileXmlCriaturaTest
es.ies.puerto.file.uno.FileXmlCriaturaTest.addDeleteCriaturaTest  Time elapsed: 0.005 s  <<< FAILURE!
org.opentest4j.AssertionFailedError: NO SE HA OBTENIDO LA RESPUESTA ESPERADA ==> expected: <true> but was: <false>
	at es.ies.puerto.file.uno.FileXmlCriaturaTest.addDeleteCriaturaTest(FileXmlCriaturaTest.java:56)

