<?xml version="1.0" encoding="UTF-8"?>
<testsuite xmlns:xsi="http://www.w3.org/2001/XMLSchema-instance" xsi:noNamespaceSchemaLocation="https://maven.apache.org/surefire/maven-surefire-plugin/xsd/surefire-test-report-3.0.xsd" version="3.0" name="es.ies.puerto.file.uno.FileXmlCriaturaTest" time="0.154" tests="4" errors="0" skipped="0" failures="1">
  <properties>
[...]
</properties>
  <testcase name="obtenerCriaturaTest" classname="es.ies.puerto.file.uno.FileXmlCriaturaTest" time="0.1"/>
  <testcase name="actualizarCriatura" classname="es.ies.puerto.file.uno.FileXmlCriaturaTest" time="0.008"/>
  <testcase name="obtenerCriaturasTest" classname="es.ies.puerto.file.uno.FileXmlCriaturaTest" time="0.003"/>
  <testcase name="addDeleteCriaturaTest" classname="es.ies.puerto.file.uno.FileXmlCriaturaTest" time="0.005">
    <failure type="org.opentest4j.AssertionFailedError"><![CDATA[org.opentest4j.AssertionFailedError: NO SE HA OBTENIDO LA RESPUESTA ESPERADA ==> expected: <true> but was: <false>
	at es.ies.puerto.file.uno.FileXmlCriaturaTest.addDeleteCriaturaTest(FileXmlCriaturaTest.java:56)
]]></failure>
  </testcase>
</testsuite>