<?xml version="1.0" encoding="UTF-8"?>
<testsuite xmlns:xsi="http://www.w3.org/2001/XMLSchema-instance" xsi:noNamespaceSchemaLocation="https://maven.apache.org/surefire/maven-surefire-plugin/xsd/surefire-test-report-3.0.xsd" version="3.0" name="es.ies.puerto.file.tres.FileArmasCsvTest" time="0.007" tests="4" errors="4" skipped="0" failures="0">
  <properties>
[...]
</properties>
  <testcase name="obtenerArmasTest" classname="es.ies.puerto.file.tres.FileArmasCsvTest" time="0.001">
    <error type="java.lang.NullPointerException"><![CDATA[java.lang.NullPointerException: Cannot invoke "java.util.List.isEmpty()" because "this.armas" is null
	at es.ies.puerto.file.tres.FileArmasCsvTest.obtenerArmasTest(FileArmasCsvTest.java:26)
]]></error>
  </testcase>
  <testcase name="obtenerArmaTest" classname="es.ies.puerto.file.tres.FileArmasCsvTest" time="0.004">
    <error type="java.lang.NullPointerException"><![CDATA[java.lang.NullPointerException: Cannot invoke "es.ies.puerto.file.tres.Arma.getId()" because "ArmaBuscar" is null
	at es.ies.puerto.file.tres.FileArmasCsvTest.obtenerArmaTest(FileArmasCsvTest.java:37)
]]></error>
  </testcase>
  <testcase name="addDeleteArmaTest" classname="es.ies.puerto.file.tres.FileArmasCsvTest" time="0">
    <error type="java.lang.NullPointerException"><![CDATA[java.lang.NullPointerException: Cannot invoke "java.util.List.size()" because "this.armas" is null
	at es.ies.puerto.file.tres.FileArmasCsvTest.addDeleteArmaTest(FileArmasCsvTest.java:50)
]]></error>
  </testcase>
  <testcase name="actualizarArma" classname="es.ies.puerto.file.tres.FileArmasCsvTest" time="0">
    <error type="java.lang.NullPointerException"><![CDATA[java.lang.NullPointerException: Cannot invoke "es.ies.puerto.file.tres.Arma.setNombre(String)" because "ArmaActualizar" is null
	at es.ies.puerto.file.tres.FileArmasCsvTest.actualizarArma(FileArmasCsvTest.java:74)
]]></error>
  </testcase>
</testsuite>