<?xml version="1.0" encoding="UTF-8"?>
<testsuite xmlns:xsi="http://www.w3.org/2001/XMLSchema-instance" xsi:noNamespaceSchemaLocation="https://maven.apache.org/surefire/maven-surefire-plugin/xsd/surefire-test-report-3.0.xsd" version="3.0" name="es.ies.puerto.Ejercicio1Test" time="0.025" tests="10" errors="0" skipped="0" failures="10">
  <properties>
[...]
</properties>
  <testcase name="testMismaFecha" classname="es.ies.puerto.Ejercicio1Test" time="0.002">
    <failure message="Las fechas son iguales, el resultado debería ser la misma fecha. ==&gt; expected: &lt;2023-01-01T00:00&gt; but was: &lt;null&gt;" type="org.opentest4j.AssertionFailedError"><![CDATA[org.opentest4j.AssertionFailedError: Las fechas son iguales, el resultado debería ser la misma fecha. ==> expected: <2023-01-01T00:00> but was: <null>
	at org.junit.jupiter.api.AssertionFailureBuilder.build(AssertionFailureBuilder.java:151)
	at org.junit.jupiter.api.AssertionFailureBuilder.buildAndThrow(AssertionFailureBuilder.java:132)
	at org.junit.jupiter.api.AssertEquals.failNotEqual(AssertEquals.java:197)
	at org.junit.jupiter.api.AssertEquals.assertEquals(AssertEquals.java:182)
	at org.junit.jupiter.api.Assertions.assertEquals(Assertions.java:1152)
	at es.ies.puerto.Ejercicio1Test.testMismaFecha(Ejercicio1Test.java:15)
	at java.base/java.lang.reflect.Method.invoke(Method.java:568)
	at java.base/java.util.ArrayList.forEach(ArrayList.java:1511)
	at java.base/java.util.ArrayList.forEach(ArrayList.java:1511)
]]></failure>
  </testcase>
  <testcase name="testFechaInicioPosteriorAFechaFin" classname="es.ies.puerto.Ejercicio1Test" time="0.002">
    <failure message="La fecha de inicio no puede ser posterior a la fecha final. ==&gt; Expected java.lang.IllegalArgumentException to be thrown, but nothing was thrown." type="org.opentest4j.AssertionFailedError"><![CDATA[org.opentest4j.AssertionFailedError: La fecha de inicio no puede ser posterior a la fecha final. ==> Expected java.lang.IllegalArgumentException to be thrown, but nothing was thrown.
	at org.junit.jupiter.api.AssertionFailureBuilder.build(AssertionFailureBuilder.java:152)
	at org.junit.jupiter.api.AssertThrows.assertThrows(AssertThrows.java:73)
	at org.junit.jupiter.api.AssertThrows.assertThrows(AssertThrows.java:39)
	at org.junit.jupiter.api.Assertions.assertThrows(Assertions.java:3127)
	at es.ies.puerto.Ejercicio1Test.testFechaInicioPosteriorAFechaFin(Ejercicio1Test.java:86)
	at java.base/java.lang.reflect.Method.invoke(Method.java:568)
	at java.base/java.util.ArrayList.forEach(ArrayList.java:1511)
	at java.base/java.util.ArrayList.forEach(ArrayList.java:1511)
]]></failure>
  </testcase>
  <testcase name="testDiferenciaConMeses" classname="es.ies.puerto.Ejercicio1Test" time="0.002">
    <failure message="Diferencia de 5 meses. ==&gt; expected: &lt;2023-06-01T00:00&gt; but was: &lt;null&gt;" type="org.opentest4j.AssertionFailedError"><![CDATA[org.opentest4j.AssertionFailedError: Diferencia de 5 meses. ==> expected: <2023-06-01T00:00> but was: <null>
	at org.junit.jupiter.api.AssertionFailureBuilder.build(AssertionFailureBuilder.java:151)
	at org.junit.jupiter.api.AssertionFailureBuilder.buildAndThrow(AssertionFailureBuilder.java:132)
	at org.junit.jupiter.api.AssertEquals.failNotEqual(AssertEquals.java:197)
	at org.junit.jupiter.api.AssertEquals.assertEquals(AssertEquals.java:182)
	at org.junit.jupiter.api.Assertions.assertEquals(Assertions.java:1152)
	at es.ies.puerto.Ejercicio1Test.testDiferenciaConMeses(Ejercicio1Test.java:55)
	at java.base/java.lang.reflect.Method.invoke(Method.java:568)
	at java.base/java.util.ArrayList.forEach(ArrayList.java:1511)
	at java.base/java.util.ArrayList.forEach(ArrayList.java:1511)
]]></failure>
  </testcase>
  <testcase name="testDiferenciaConSegundos" classname="es.ies.puerto.Ejercicio1Test" time="0.001">
    <failure message="Diferencia de 30 segundos. ==&gt; expected: &lt;2022-05-05T12:00:30&gt; but was: &lt;null&gt;" type="org.opentest4j.AssertionFailedError"><![CDATA[org.opentest4j.AssertionFailedError: Diferencia de 30 segundos. ==> expected: <2022-05-05T12:00:30> but was: <null>
	at org.junit.jupiter.api.AssertionFailureBuilder.build(AssertionFailureBuilder.java:151)
	at org.junit.jupiter.api.AssertionFailureBuilder.buildAndThrow(AssertionFailureBuilder.java:132)
	at org.junit.jupiter.api.AssertEquals.failNotEqual(AssertEquals.java:197)
	at org.junit.jupiter.api.AssertEquals.assertEquals(AssertEquals.java:182)
	at org.junit.jupiter.api.Assertions.assertEquals(Assertions.java:1152)
	at es.ies.puerto.Ejercicio1Test.testDiferenciaConSegundos(Ejercicio1Test.java:71)
	at java.base/java.lang.reflect.Method.invoke(Method.java:568)
	at java.base/java.util.ArrayList.forEach(ArrayList.java:1511)
	at java.base/java.util.ArrayList.forEach(ArrayList.java:1511)
]]></failure>
  </testcase>
  <testcase name="testCruceDeAno" classname="es.ies.puerto.Ejercicio1Test" time="0.001">
    <failure message="Diferencia de 1 segundo. ==&gt; expected: &lt;2021-01-01T00:00&gt; but was: &lt;null&gt;" type="org.opentest4j.AssertionFailedError"><![CDATA[org.opentest4j.AssertionFailedError: Diferencia de 1 segundo. ==> expected: <2021-01-01T00:00> but was: <null>
	at org.junit.jupiter.api.AssertionFailureBuilder.build(AssertionFailureBuilder.java:151)
	at org.junit.jupiter.api.AssertionFailureBuilder.buildAndThrow(AssertionFailureBuilder.java:132)
	at org.junit.jupiter.api.AssertEquals.failNotEqual(AssertEquals.java:197)
	at org.junit.jupiter.api.AssertEquals.assertEquals(AssertEquals.java:182)
	at org.junit.jupiter.api.Assertions.assertEquals(Assertions.java:1152)
	at es.ies.puerto.Ejercicio1Test.testCruceDeAno(Ejercicio1Test.java:63)
	at java.base/java.lang.reflect.Method.invoke(Method.java:568)
	at java.base/java.util.ArrayList.forEach(ArrayList.java:1511)
	at java.base/java.util.ArrayList.forEach(ArrayList.java:1511)
]]></failure>
  </testcase>
  <testcase name="testDiferenciaConMinutosYSegundos" classname="es.ies.puerto.Ejercicio1Test" time="0.001">
    <failure message="Diferencia de 2 horas, 30 minutos y 15 segundos. ==&gt; expected: &lt;2023-01-01T14:30:15&gt; but was: &lt;null&gt;" type="org.opentest4j.AssertionFailedError"><![CDATA[org.opentest4j.AssertionFailedError: Diferencia de 2 horas, 30 minutos y 15 segundos. ==> expected: <2023-01-01T14:30:15> but was: <null>
	at org.junit.jupiter.api.AssertionFailureBuilder.build(AssertionFailureBuilder.java:151)
	at org.junit.jupiter.api.AssertionFailureBuilder.buildAndThrow(AssertionFailureBuilder.java:132)
	at org.junit.jupiter.api.AssertEquals.failNotEqual(AssertEquals.java:197)
	at org.junit.jupiter.api.AssertEquals.assertEquals(AssertEquals.java:182)
	at org.junit.jupiter.api.Assertions.assertEquals(Assertions.java:1152)
	at es.ies.puerto.Ejercicio1Test.testDiferenciaConMinutosYSegundos(Ejercicio1Test.java:47)
	at java.base/java.lang.reflect.Method.invoke(Method.java:568)
	at java.base/java.util.ArrayList.forEach(ArrayList.java:1511)
	at java.base/java.util.ArrayList.forEach(ArrayList.java:1511)
]]></failure>
  </testcase>
  <testcase name="testUnAnoDeDiferencia" classname="es.ies.puerto.Ejercicio1Test" time="0.002">
    <failure message="Debe ser 1 año de diferencia. ==&gt; expected: &lt;2021-01-01T00:00&gt; but was: &lt;null&gt;" type="org.opentest4j.AssertionFailedError"><![CDATA[org.opentest4j.AssertionFailedError: Debe ser 1 año de diferencia. ==> expected: <2021-01-01T00:00> but was: <null>
	at org.junit.jupiter.api.AssertionFailureBuilder.build(AssertionFailureBuilder.java:151)
	at org.junit.jupiter.api.AssertionFailureBuilder.buildAndThrow(AssertionFailureBuilder.java:132)
	at org.junit.jupiter.api.AssertEquals.failNotEqual(AssertEquals.java:197)
	at org.junit.jupiter.api.AssertEquals.assertEquals(AssertEquals.java:182)
	at org.junit.jupiter.api.Assertions.assertEquals(Assertions.java:1152)
	at es.ies.puerto.Ejercicio1Test.testUnAnoDeDiferencia(Ejercicio1Test.java:23)
	at java.base/java.lang.reflect.Method.invoke(Method.java:568)
	at java.base/java.util.ArrayList.forEach(ArrayList.java:1511)
	at java.base/java.util.ArrayList.forEach(ArrayList.java:1511)
]]></failure>
  </testcase>
  <testcase name="testDiferenciaEnHoras" classname="es.ies.puerto.Ejercicio1Test" time="0.001">
    <failure message="Diferencia de 2 horas. ==&gt; expected: &lt;2023-01-01T12:00&gt; but was: &lt;null&gt;" type="org.opentest4j.AssertionFailedError"><![CDATA[org.opentest4j.AssertionFailedError: Diferencia de 2 horas. ==> expected: <2023-01-01T12:00> but was: <null>
	at org.junit.jupiter.api.AssertionFailureBuilder.build(AssertionFailureBuilder.java:151)
	at org.junit.jupiter.api.AssertionFailureBuilder.buildAndThrow(AssertionFailureBuilder.java:132)
	at org.junit.jupiter.api.AssertEquals.failNotEqual(AssertEquals.java:197)
	at org.junit.jupiter.api.AssertEquals.assertEquals(AssertEquals.java:182)
	at org.junit.jupiter.api.Assertions.assertEquals(Assertions.java:1152)
	at es.ies.puerto.Ejercicio1Test.testDiferenciaEnHoras(Ejercicio1Test.java:39)
	at java.base/java.lang.reflect.Method.invoke(Method.java:568)
	at java.base/java.util.ArrayList.forEach(ArrayList.java:1511)
	at java.base/java.util.ArrayList.forEach(ArrayList.java:1511)
]]></failure>
  </testcase>
  <testcase name="testDiferenciaCruzandoVariosAños" classname="es.ies.puerto.Ejercicio1Test" time="0.001">
    <failure message="Diferencia de 4 años, 10 meses, 1 día, 8 horas, 30 minutos, 15 segundos. ==&gt; expected: &lt;2025-01-01T08:15:45&gt; but was: &lt;null&gt;" type="org.opentest4j.AssertionFailedError"><![CDATA[org.opentest4j.AssertionFailedError: Diferencia de 4 años, 10 meses, 1 día, 8 horas, 30 minutos, 15 segundos. ==> expected: <2025-01-01T08:15:45> but was: <null>
	at org.junit.jupiter.api.AssertionFailureBuilder.build(AssertionFailureBuilder.java:151)
	at org.junit.jupiter.api.AssertionFailureBuilder.buildAndThrow(AssertionFailureBuilder.java:132)
	at org.junit.jupiter.api.AssertEquals.failNotEqual(AssertEquals.java:197)
	at org.junit.jupiter.api.AssertEquals.assertEquals(AssertEquals.java:182)
	at org.junit.jupiter.api.Assertions.assertEquals(Assertions.java:1152)
	at es.ies.puerto.Ejercicio1Test.testDiferenciaCruzandoVariosAños(Ejercicio1Test.java:79)
	at java.base/java.lang.reflect.Method.invoke(Method.java:568)
	at java.base/java.util.ArrayList.forEach(ArrayList.java:1511)
	at java.base/java.util.ArrayList.forEach(ArrayList.java:1511)
]]></failure>
  </testcase>
  <testcase name="testMesBisiesto" classname="es.ies.puerto.Ejercicio1Test" time="0.001">
    <failure message="Diferencia de un año, considerando el bisiesto. ==&gt; expected: &lt;2021-02-28T23:59:59&gt; but was: &lt;null&gt;" type="org.opentest4j.AssertionFailedError"><![CDATA[org.opentest4j.AssertionFailedError: Diferencia de un año, considerando el bisiesto. ==> expected: <2021-02-28T23:59:59> but was: <null>
	at org.junit.jupiter.api.AssertionFailureBuilder.build(AssertionFailureBuilder.java:151)
	at org.junit.jupiter.api.AssertionFailureBuilder.buildAndThrow(AssertionFailureBuilder.java:132)
	at org.junit.jupiter.api.AssertEquals.failNotEqual(AssertEquals.java:197)
	at org.junit.jupiter.api.AssertEquals.assertEquals(AssertEquals.java:182)
	at org.junit.jupiter.api.Assertions.assertEquals(Assertions.java:1152)
	at es.ies.puerto.Ejercicio1Test.testMesBisiesto(Ejercicio1Test.java:31)
	at java.base/java.lang.reflect.Method.invoke(Method.java:568)
	at java.base/java.util.ArrayList.forEach(ArrayList.java:1511)
	at java.base/java.util.ArrayList.forEach(ArrayList.java:1511)
]]></failure>
  </testcase>
</testsuite>