<?xml version="1.0" encoding="UTF-8"?>
<testsuite xmlns:xsi="http://www.w3.org/2001/XMLSchema-instance" xsi:noNamespaceSchemaLocation="https://maven.apache.org/surefire/maven-surefire-plugin/xsd/surefire-test-report-3.0.xsd" version="3.0" name="es.ies.puerto.Ejercicio3Test" time="0.015" tests="4" errors="4" skipped="0" failures="0">
  <properties>
[...]
</properties>
  <testcase name="testAnoBisiesto" classname="es.ies.puerto.Ejercicio3Test" time="0.006">
    <error message="Cannot invoke &quot;java.util.Map.get(Object)&quot; because &quot;conversiones&quot; is null" type="java.lang.NullPointerException"><![CDATA[java.lang.NullPointerException: Cannot invoke "java.util.Map.get(Object)" because "conversiones" is null
	at es.ies.puerto.Ejercicio3Test.testAnoBisiesto(Ejercicio3Test.java:99)
	at java.base/java.lang.reflect.Method.invoke(Method.java:568)
	at java.base/java.util.ArrayList.forEach(ArrayList.java:1511)
	at java.base/java.util.ArrayList.forEach(ArrayList.java:1511)
]]></error>
  </testcase>
  <testcase name="testNuevaYorkATokioLondresSidney" classname="es.ies.puerto.Ejercicio3Test" time="0.002">
    <error message="Cannot invoke &quot;java.util.Map.get(Object)&quot; because &quot;conversiones&quot; is null" type="java.lang.NullPointerException"><![CDATA[java.lang.NullPointerException: Cannot invoke "java.util.Map.get(Object)" because "conversiones" is null
	at es.ies.puerto.Ejercicio3Test.testNuevaYorkATokioLondresSidney(Ejercicio3Test.java:30)
	at java.base/java.lang.reflect.Method.invoke(Method.java:568)
	at java.base/java.util.ArrayList.forEach(ArrayList.java:1511)
	at java.base/java.util.ArrayList.forEach(ArrayList.java:1511)
]]></error>
  </testcase>
  <testcase name="testZonaOrigenEsUTC" classname="es.ies.puerto.Ejercicio3Test" time="0.002">
    <error message="Cannot invoke &quot;java.util.Map.get(Object)&quot; because &quot;conversiones&quot; is null" type="java.lang.NullPointerException"><![CDATA[java.lang.NullPointerException: Cannot invoke "java.util.Map.get(Object)" because "conversiones" is null
	at es.ies.puerto.Ejercicio3Test.testZonaOrigenEsUTC(Ejercicio3Test.java:53)
	at java.base/java.lang.reflect.Method.invoke(Method.java:568)
	at java.base/java.util.ArrayList.forEach(ArrayList.java:1511)
	at java.base/java.util.ArrayList.forEach(ArrayList.java:1511)
]]></error>
  </testcase>
  <testcase name="testFechaCercanaACambioHorarioDeVerano" classname="es.ies.puerto.Ejercicio3Test" time="0.001">
    <error message="Cannot invoke &quot;java.util.Map.get(Object)&quot; because &quot;conversiones&quot; is null" type="java.lang.NullPointerException"><![CDATA[java.lang.NullPointerException: Cannot invoke "java.util.Map.get(Object)" because "conversiones" is null
	at es.ies.puerto.Ejercicio3Test.testFechaCercanaACambioHorarioDeVerano(Ejercicio3Test.java:76)
	at java.base/java.lang.reflect.Method.invoke(Method.java:568)
	at java.base/java.util.ArrayList.forEach(ArrayList.java:1511)
	at java.base/java.util.ArrayList.forEach(ArrayList.java:1511)
]]></error>
  </testcase>
</testsuite>